# JRE version: OpenJDK Runtime Environment Temurin-21.0.7+6 (21.0.7+6) (build 21.0.7+6-LTS)
# Java VM: OpenJDK 64-Bit Server VM Temurin-21.0.7+6 (21.0.7+6-LTS, mixed mode, sharing, tiered, compressed oops, compressed class ptrs, parallel gc, windows-amd64)
GC Precious Log:
 CardTable entry size: 512
 CPUs: 12 total, 12 available
 Memory: 7514M
 Large Page Support: Disabled
 NUMA Support: Disabled
 Compressed Oops: Enabled (32-bit)
 Alignments: Space 512K, Generation 512K, Heap 2M
 Heap Min Capacity: 100M
 Heap Initial Capacity: 100M
 Heap Max Capacity: 2G
 Pre-touch: Disabled
 Parallel Workers: 10
Heap:
 PSYoungGen      total 17920K, used 9809K [0x00000000d5580000, 0x00000000d7400000, 0x0000000100000000)
  eden space 10752K, 24% used [0x00000000d5580000,0x00000000d58150f0,0x00000000d6000000)
  from space 7168K, 99% used [0x00000000d6000000,0x00000000d66ff680,0x00000000d6700000)
  to   space 10240K, 0% used [0x00000000d6a00000,0x00000000d6a00000,0x00000000d7400000)
 ParOldGen       total 336896K, used 336517K [0x0000000080000000, 0x0000000094900000, 0x00000000d5580000)
  object space 336896K, 99% used [0x0000000080000000,0x00000000948a1540,0x0000000094900000)
 Metaspace       used 55519K, committed 56896K, reserved 1114112K
  class space    used 5833K, committed 6464K, reserved 1048576K
GC Heap History (20 events):
Event: 14.590 GC heap before
{Heap before GC invocations=242 (full 2):
 PSYoungGen      total 6656K, used 6646K [0x00000000d5580000, 0x00000000d6180000, 0x0000000100000000)
  eden space 5120K, 100% used [0x00000000d5580000,0x00000000d5a80000,0x00000000d5a80000)
  from space 1536K, 99% used [0x00000000d5a80000,0x00000000d5bfda90,0x00000000d5c00000)
  to   space 3072K, 0% used [0x00000000d5e80000,0x00000000d5e80000,0x00000000d6180000)
 ParOldGen       total 310272K, used 309775K [0x0000000080000000, 0x0000000092f00000, 0x00000000d5580000)
  object space 310272K, 99% used [0x0000000080000000,0x0000000092e83e60,0x0000000092f00000)
 Metaspace       used 55154K, committed 56448K, reserved 1114112K
  class space    used 5818K, committed 6400K, reserved 1048576K
}
Event: 14.594 GC heap after
{Heap after GC invocations=242 (full 2):
 PSYoungGen      total 8192K, used 1631K [0x00000000d5580000, 0x00000000d6080000, 0x0000000100000000)
  eden space 6144K, 0% used [0x00000000d5580000,0x00000000d5580000,0x00000000d5b80000)
  from space 2048K, 79% used [0x00000000d5e80000,0x00000000d6017d08,0x00000000d6080000)
  to   space 2048K, 0% used [0x00000000d5c80000,0x00000000d5c80000,0x00000000d5e80000)
 ParOldGen       total 311296K, used 311121K [0x0000000080000000, 0x0000000093000000, 0x00000000d5580000)
  object space 311296K, 99% used [0x0000000080000000,0x0000000092fd44b8,0x0000000093000000)
 Metaspace       used 55154K, committed 56448K, reserved 1114112K
  class space    used 5818K, committed 6400K, reserved 1048576K
}
Event: 14.604 GC heap before
{Heap before GC invocations=243 (full 2):
 PSYoungGen      total 8192K, used 7746K [0x00000000d5580000, 0x00000000d6080000, 0x0000000100000000)
  eden space 6144K, 99% used [0x00000000d5580000,0x00000000d5b78b10,0x00000000d5b80000)
  from space 2048K, 79% used [0x00000000d5e80000,0x00000000d6017d08,0x00000000d6080000)
  to   space 2048K, 0% used [0x00000000d5c80000,0x00000000d5c80000,0x00000000d5e80000)
 ParOldGen       total 311296K, used 311121K [0x0000000080000000, 0x0000000093000000, 0x00000000d5580000)
  object space 311296K, 99% used [0x0000000080000000,0x0000000092fd44b8,0x0000000093000000)
 Metaspace       used 55181K, committed 56448K, reserved 1114112K
  class space    used 5822K, committed 6400K, reserved 1048576K
}
Event: 14.607 GC heap after
{Heap after GC invocations=243 (full 2):
 PSYoungGen      total 9216K, used 2026K [0x00000000d5580000, 0x00000000d6600000, 0x0000000100000000)
  eden space 7168K, 0% used [0x00000000d5580000,0x00000000d5580000,0x00000000d5c80000)
  from space 2048K, 98% used [0x00000000d5c80000,0x00000000d5e7a928,0x00000000d5e80000)
  to   space 4608K, 0% used [0x00000000d6180000,0x00000000d6180000,0x00000000d6600000)
 ParOldGen       total 313344K, used 312893K [0x0000000080000000, 0x0000000093200000, 0x00000000d5580000)
  object space 313344K, 99% used [0x0000000080000000,0x000000009318f490,0x0000000093200000)
 Metaspace       used 55181K, committed 56448K, reserved 1114112K
  class space    used 5822K, committed 6400K, reserved 1048576K
}
Event: 14.620 GC heap before
{Heap before GC invocations=244 (full 2):
 PSYoungGen      total 9216K, used 9194K [0x00000000d5580000, 0x00000000d6600000, 0x0000000100000000)
  eden space 7168K, 100% used [0x00000000d5580000,0x00000000d5c80000,0x00000000d5c80000)
  from space 2048K, 98% used [0x00000000d5c80000,0x00000000d5e7a928,0x00000000d5e80000)
  to   space 4608K, 0% used [0x00000000d6180000,0x00000000d6180000,0x00000000d6600000)
 ParOldGen       total 313344K, used 312893K [0x0000000080000000, 0x0000000093200000, 0x00000000d5580000)
  object space 313344K, 99% used [0x0000000080000000,0x000000009318f490,0x0000000093200000)
 Metaspace       used 55214K, committed 56512K, reserved 1114112K
  class space    used 5825K, committed 6400K, reserved 1048576K
}
Event: 14.624 GC heap after
{Heap after GC invocations=244 (full 2):
 PSYoungGen      total 12288K, used 2807K [0x00000000d5580000, 0x00000000d6500000, 0x0000000100000000)
  eden space 8704K, 0% used [0x00000000d5580000,0x00000000d5580000,0x00000000d5e00000)
  from space 3584K, 78% used [0x00000000d6180000,0x00000000d643dfa0,0x00000000d6500000)
  to   space 3584K, 0% used [0x00000000d5e00000,0x00000000d5e00000,0x00000000d6180000)
 ParOldGen       total 314880K, used 314797K [0x0000000080000000, 0x0000000093380000, 0x00000000d5580000)
  object space 314880K, 99% used [0x0000000080000000,0x000000009336b7d0,0x0000000093380000)
 Metaspace       used 55214K, committed 56512K, reserved 1114112K
  class space    used 5825K, committed 6400K, reserved 1048576K
}
Event: 14.640 GC heap before
{Heap before GC invocations=245 (full 2):
 PSYoungGen      total 12288K, used 11511K [0x00000000d5580000, 0x00000000d6500000, 0x0000000100000000)
  eden space 8704K, 100% used [0x00000000d5580000,0x00000000d5e00000,0x00000000d5e00000)
  from space 3584K, 78% used [0x00000000d6180000,0x00000000d643dfa0,0x00000000d6500000)
  to   space 3584K, 0% used [0x00000000d5e00000,0x00000000d5e00000,0x00000000d6180000)
 ParOldGen       total 314880K, used 314797K [0x0000000080000000, 0x0000000093380000, 0x00000000d5580000)
  object space 314880K, 99% used [0x0000000080000000,0x000000009336b7d0,0x0000000093380000)
 Metaspace       used 55228K, committed 56576K, reserved 1114112K
  class space    used 5827K, committed 6464K, reserved 1048576K
}
Event: 14.644 GC heap after
{Heap after GC invocations=245 (full 2):
 PSYoungGen      total 12288K, used 3372K [0x00000000d5580000, 0x00000000d6700000, 0x0000000100000000)
  eden space 8704K, 0% used [0x00000000d5580000,0x00000000d5580000,0x00000000d5e00000)
  from space 3584K, 94% used [0x00000000d5e00000,0x00000000d614b110,0x00000000d6180000)
  to   space 3584K, 0% used [0x00000000d6380000,0x00000000d6380000,0x00000000d6700000)
 ParOldGen       total 317440K, used 317407K [0x0000000080000000, 0x0000000093600000, 0x00000000d5580000)
  object space 317440K, 99% used [0x0000000080000000,0x00000000935f7e80,0x0000000093600000)
 Metaspace       used 55228K, committed 56576K, reserved 1114112K
  class space    used 5827K, committed 6464K, reserved 1048576K
}
Event: 14.659 GC heap before
{Heap before GC invocations=246 (full 2):
 PSYoungGen      total 12288K, used 12076K [0x00000000d5580000, 0x00000000d6700000, 0x0000000100000000)
  eden space 8704K, 100% used [0x00000000d5580000,0x00000000d5e00000,0x00000000d5e00000)
  from space 3584K, 94% used [0x00000000d5e00000,0x00000000d614b110,0x00000000d6180000)
  to   space 3584K, 0% used [0x00000000d6380000,0x00000000d6380000,0x00000000d6700000)
 ParOldGen       total 317440K, used 317407K [0x0000000080000000, 0x0000000093600000, 0x00000000d5580000)
  object space 317440K, 99% used [0x0000000080000000,0x00000000935f7e80,0x0000000093600000)
 Metaspace       used 55248K, committed 56576K, reserved 1114112K
  class space    used 5828K, committed 6464K, reserved 1048576K
}
Event: 14.663 GC heap after
{Heap after GC invocations=246 (full 2):
 PSYoungGen      total 14336K, used 3434K [0x00000000d5580000, 0x00000000d6700000, 0x0000000100000000)
  eden space 10752K, 0% used [0x00000000d5580000,0x00000000d5580000,0x00000000d6000000)
  from space 3584K, 95% used [0x00000000d6380000,0x00000000d66da968,0x00000000d6700000)
  to   space 3584K, 0% used [0x00000000d6000000,0x00000000d6000000,0x00000000d6380000)
 ParOldGen       total 321024K, used 320544K [0x0000000080000000, 0x0000000093980000, 0x00000000d5580000)
  object space 321024K, 99% used [0x0000000080000000,0x0000000093908000,0x0000000093980000)
 Metaspace       used 55248K, committed 56576K, reserved 1114112K
  class space    used 5828K, committed 6464K, reserved 1048576K
}
Event: 14.686 GC heap before
{Heap before GC invocations=247 (full 2):
 PSYoungGen      total 14336K, used 14115K [0x00000000d5580000, 0x00000000d6700000, 0x0000000100000000)
  eden space 10752K, 99% used [0x00000000d5580000,0x00000000d5fee588,0x00000000d6000000)
  from space 3584K, 95% used [0x00000000d6380000,0x00000000d66da968,0x00000000d6700000)
  to   space 3584K, 0% used [0x00000000d6000000,0x00000000d6000000,0x00000000d6380000)
 ParOldGen       total 321024K, used 320544K [0x0000000080000000, 0x0000000093980000, 0x00000000d5580000)
  object space 321024K, 99% used [0x0000000080000000,0x0000000093908000,0x0000000093980000)
 Metaspace       used 55254K, committed 56576K, reserved 1114112K
  class space    used 5828K, committed 6464K, reserved 1048576K
}
Event: 14.691 GC heap after
{Heap after GC invocations=247 (full 2):
 PSYoungGen      total 14336K, used 3576K [0x00000000d5580000, 0x00000000d7380000, 0x0000000100000000)
  eden space 10752K, 0% used [0x00000000d5580000,0x00000000d5580000,0x00000000d6000000)
  from space 3584K, 99% used [0x00000000d6000000,0x00000000d637e338,0x00000000d6380000)
  to   space 8704K, 0% used [0x00000000d6b00000,0x00000000d6b00000,0x00000000d7380000)
 ParOldGen       total 324608K, used 324570K [0x0000000080000000, 0x0000000093d00000, 0x00000000d5580000)
  object space 324608K, 99% used [0x0000000080000000,0x0000000093cf69f8,0x0000000093d00000)
 Metaspace       used 55254K, committed 56576K, reserved 1114112K
  class space    used 5828K, committed 6464K, reserved 1048576K
}
Event: 14.712 GC heap before
{Heap before GC invocations=248 (full 2):
 PSYoungGen      total 14336K, used 14328K [0x00000000d5580000, 0x00000000d7380000, 0x0000000100000000)
  eden space 10752K, 100% used [0x00000000d5580000,0x00000000d6000000,0x00000000d6000000)
  from space 3584K, 99% used [0x00000000d6000000,0x00000000d637e338,0x00000000d6380000)
  to   space 8704K, 0% used [0x00000000d6b00000,0x00000000d6b00000,0x00000000d7380000)
 ParOldGen       total 324608K, used 324570K [0x0000000080000000, 0x0000000093d00000, 0x00000000d5580000)
  object space 324608K, 99% used [0x0000000080000000,0x0000000093cf69f8,0x0000000093d00000)
 Metaspace       used 55279K, committed 56640K, reserved 1114112K
  class space    used 5828K, committed 6464K, reserved 1048576K
}
Event: 14.717 GC heap after
{Heap after GC invocations=248 (full 2):
 PSYoungGen      total 14848K, used 3808K [0x00000000d5580000, 0x00000000d6f00000, 0x0000000100000000)
  eden space 10752K, 0% used [0x00000000d5580000,0x00000000d5580000,0x00000000d6000000)
  from space 4096K, 92% used [0x00000000d6b00000,0x00000000d6eb8090,0x00000000d6f00000)
  to   space 5632K, 0% used [0x00000000d6400000,0x00000000d6400000,0x00000000d6980000)
 ParOldGen       total 328192K, used 328009K [0x0000000080000000, 0x0000000094080000, 0x00000000d5580000)
  object space 328192K, 99% used [0x0000000080000000,0x0000000094052508,0x0000000094080000)
 Metaspace       used 55279K, committed 56640K, reserved 1114112K
  class space    used 5828K, committed 6464K, reserved 1048576K
}
Event: 14.885 GC heap before
{Heap before GC invocations=249 (full 2):
 PSYoungGen      total 14848K, used 14560K [0x00000000d5580000, 0x00000000d6f00000, 0x0000000100000000)
  eden space 10752K, 100% used [0x00000000d5580000,0x00000000d6000000,0x00000000d6000000)
  from space 4096K, 92% used [0x00000000d6b00000,0x00000000d6eb8090,0x00000000d6f00000)
  to   space 5632K, 0% used [0x00000000d6400000,0x00000000d6400000,0x00000000d6980000)
 ParOldGen       total 328192K, used 328009K [0x0000000080000000, 0x0000000094080000, 0x00000000d5580000)
  object space 328192K, 99% used [0x0000000080000000,0x0000000094052508,0x0000000094080000)
 Metaspace       used 55383K, committed 56704K, reserved 1114112K
  class space    used 5828K, committed 6464K, reserved 1048576K
}
Event: 14.890 GC heap after
{Heap after GC invocations=249 (full 2):
 PSYoungGen      total 12800K, used 1983K [0x00000000d5580000, 0x00000000d6b80000, 0x0000000100000000)
  eden space 10752K, 0% used [0x00000000d5580000,0x00000000d5580000,0x00000000d6000000)
  from space 2048K, 96% used [0x00000000d6400000,0x00000000d65efc68,0x00000000d6600000)
  to   space 3072K, 0% used [0x00000000d6880000,0x00000000d6880000,0x00000000d6b80000)
 ParOldGen       total 331776K, used 331636K [0x0000000080000000, 0x0000000094400000, 0x00000000d5580000)
  object space 331776K, 99% used [0x0000000080000000,0x00000000943dd070,0x0000000094400000)
 Metaspace       used 55383K, committed 56704K, reserved 1114112K
  class space    used 5828K, committed 6464K, reserved 1048576K
}
Event: 15.020 GC heap before
{Heap before GC invocations=250 (full 2):
 PSYoungGen      total 12800K, used 12735K [0x00000000d5580000, 0x00000000d6b80000, 0x0000000100000000)
  eden space 10752K, 100% used [0x00000000d5580000,0x00000000d6000000,0x00000000d6000000)
  from space 2048K, 96% used [0x00000000d6400000,0x00000000d65efc68,0x00000000d6600000)
  to   space 3072K, 0% used [0x00000000d6880000,0x00000000d6880000,0x00000000d6b80000)
 ParOldGen       total 331776K, used 331636K [0x0000000080000000, 0x0000000094400000, 0x00000000d5580000)
  object space 331776K, 99% used [0x0000000080000000,0x00000000943dd070,0x0000000094400000)
 Metaspace       used 55480K, committed 56832K, reserved 1114112K
  class space    used 5832K, committed 6464K, reserved 1048576K
}
Event: 15.026 GC heap after
{Heap after GC invocations=250 (full 2):
 PSYoungGen      total 13824K, used 3058K [0x00000000d5580000, 0x00000000d6e00000, 0x0000000100000000)
  eden space 10752K, 0% used [0x00000000d5580000,0x00000000d5580000,0x00000000d6000000)
  from space 3072K, 99% used [0x00000000d6880000,0x00000000d6b7c800,0x00000000d6b80000)
  to   space 7168K, 0% used [0x00000000d6000000,0x00000000d6000000,0x00000000d6700000)
 ParOldGen       total 334848K, used 334582K [0x0000000080000000, 0x0000000094700000, 0x00000000d5580000)
  object space 334848K, 99% used [0x0000000080000000,0x00000000946bda98,0x0000000094700000)
 Metaspace       used 55480K, committed 56832K, reserved 1114112K
  class space    used 5832K, committed 6464K, reserved 1048576K
}
Event: 15.187 GC heap before
{Heap before GC invocations=251 (full 2):
 PSYoungGen      total 13824K, used 13810K [0x00000000d5580000, 0x00000000d6e00000, 0x0000000100000000)
  eden space 10752K, 100% used [0x00000000d5580000,0x00000000d6000000,0x00000000d6000000)
  from space 3072K, 99% used [0x00000000d6880000,0x00000000d6b7c800,0x00000000d6b80000)
  to   space 7168K, 0% used [0x00000000d6000000,0x00000000d6000000,0x00000000d6700000)
 ParOldGen       total 334848K, used 334582K [0x0000000080000000, 0x0000000094700000, 0x00000000d5580000)
  object space 334848K, 99% used [0x0000000080000000,0x00000000946bda98,0x0000000094700000)
 Metaspace       used 55516K, committed 56832K, reserved 1114112K
  class space    used 5832K, committed 6464K, reserved 1048576K
}
Event: 16.216 GC heap after
{Heap after GC invocations=251 (full 2):
 PSYoungGen      total 17920K, used 7165K [0x00000000d5580000, 0x00000000d7400000, 0x0000000100000000)
  eden space 10752K, 0% used [0x00000000d5580000,0x00000000d5580000,0x00000000d6000000)
  from space 7168K, 99% used [0x00000000d6000000,0x00000000d66ff680,0x00000000d6700000)
  to   space 10240K, 0% used [0x00000000d6a00000,0x00000000d6a00000,0x00000000d7400000)
 ParOldGen       total 336896K, used 336517K [0x0000000080000000, 0x0000000094900000, 0x00000000d5580000)
  object space 336896K, 99% used [0x0000000080000000,0x00000000948a1540,0x0000000094900000)
 Metaspace       used 55516K, committed 56832K, reserved 1114112K
  class space    used 5832K, committed 6464K, reserved 1048576K
}

