# JRE version: OpenJDK Runtime Environment Temurin-21.0.7+6 (21.0.7+6) (build 21.0.7+6-LTS)
# Java VM: OpenJDK 64-Bit Server VM Temurin-21.0.7+6 (21.0.7+6-LTS, mixed mode, sharing, tiered, compressed oops, compressed class ptrs, parallel gc, windows-amd64)
GC Precious Log:
 CardTable entry size: 512
 CPUs: 12 total, 12 available
 Memory: 7514M
 Large Page Support: Disabled
 NUMA Support: Disabled
 Compressed Oops: Enabled (32-bit)
 Alignments: Space 512K, Generation 512K, Heap 2M
 Heap Min Capacity: 100M
 Heap Initial Capacity: 100M
 Heap Max Capacity: 2G
 Pre-touch: Disabled
 Parallel Workers: 10
Heap:
 PSYoungGen      total 12800K, used 6536K [0x00000000d5580000, 0x00000000d6580000, 0x0000000100000000)
  eden space 10752K, 50% used [0x00000000d5580000,0x00000000d5ad20b8,0x00000000d6000000)
  from space 2048K, 53% used [0x00000000d6200000,0x00000000d6310000,0x00000000d6400000)
  to   space 1536K, 0% used [0x00000000d6400000,0x00000000d6400000,0x00000000d6580000)
 ParOldGen       total 1007616K, used 1007444K [0x0000000080000000, 0x00000000bd800000, 0x00000000d5580000)
  object space 1007616K, 99% used [0x0000000080000000,0x00000000bd7d5220,0x00000000bd800000)
 Metaspace       used 69373K, committed 70976K, reserved 1114112K
  class space    used 6887K, committed 7680K, reserved 1048576K
GC Heap History (20 events):
Event: 48.977 GC heap before
{Heap before GC invocations=1456 (full 3):
 PSYoungGen      total 14848K, used 14720K [0x00000000d5580000, 0x00000000d6600000, 0x0000000100000000)
  eden space 13824K, 100% used [0x00000000d5580000,0x00000000d6300000,0x00000000d6300000)
  from space 1024K, 87% used [0x00000000d6500000,0x00000000d65e0000,0x00000000d6600000)
  to   space 1536K, 0% used [0x00000000d6300000,0x00000000d6300000,0x00000000d6480000)
 ParOldGen       total 997376K, used 996894K [0x0000000080000000, 0x00000000bce00000, 0x00000000d5580000)
  object space 997376K, 99% used [0x0000000080000000,0x00000000bcd87860,0x00000000bce00000)
 Metaspace       used 69340K, committed 70976K, reserved 1114112K
  class space    used 6887K, committed 7680K, reserved 1048576K
}
Event: 48.981 GC heap after
{Heap after GC invocations=1456 (full 3):
 PSYoungGen      total 15360K, used 956K [0x00000000d5580000, 0x00000000d6580000, 0x0000000100000000)
  eden space 13824K, 0% used [0x00000000d5580000,0x00000000d5580000,0x00000000d6300000)
  from space 1536K, 62% used [0x00000000d6300000,0x00000000d63ef200,0x00000000d6480000)
  to   space 1024K, 0% used [0x00000000d6480000,0x00000000d6480000,0x00000000d6580000)
 ParOldGen       total 997376K, used 997110K [0x0000000080000000, 0x00000000bce00000, 0x00000000d5580000)
  object space 997376K, 99% used [0x0000000080000000,0x00000000bcdbd860,0x00000000bce00000)
 Metaspace       used 69340K, committed 70976K, reserved 1114112K
  class space    used 6887K, committed 7680K, reserved 1048576K
}
Event: 49.017 GC heap before
{Heap before GC invocations=1457 (full 3):
 PSYoungGen      total 15360K, used 14776K [0x00000000d5580000, 0x00000000d6580000, 0x0000000100000000)
  eden space 13824K, 99% used [0x00000000d5580000,0x00000000d62ff048,0x00000000d6300000)
  from space 1536K, 62% used [0x00000000d6300000,0x00000000d63ef200,0x00000000d6480000)
  to   space 1024K, 0% used [0x00000000d6480000,0x00000000d6480000,0x00000000d6580000)
 ParOldGen       total 997376K, used 997110K [0x0000000080000000, 0x00000000bce00000, 0x00000000d5580000)
  object space 997376K, 99% used [0x0000000080000000,0x00000000bcdbd860,0x00000000bce00000)
 Metaspace       used 69340K, committed 70976K, reserved 1114112K
  class space    used 6887K, committed 7680K, reserved 1048576K
}
Event: 49.022 GC heap after
{Heap after GC invocations=1457 (full 3):
 PSYoungGen      total 13824K, used 1015K [0x00000000d5580000, 0x00000000d6800000, 0x0000000100000000)
  eden space 12800K, 0% used [0x00000000d5580000,0x00000000d5580000,0x00000000d6200000)
  from space 1024K, 99% used [0x00000000d6480000,0x00000000d657dc88,0x00000000d6580000)
  to   space 2560K, 0% used [0x00000000d6200000,0x00000000d6200000,0x00000000d6480000)
 ParOldGen       total 998400K, used 998119K [0x0000000080000000, 0x00000000bcf00000, 0x00000000d5580000)
  object space 998400K, 99% used [0x0000000080000000,0x00000000bceb9da8,0x00000000bcf00000)
 Metaspace       used 69340K, committed 70976K, reserved 1114112K
  class space    used 6887K, committed 7680K, reserved 1048576K
}
Event: 49.079 GC heap before
{Heap before GC invocations=1458 (full 3):
 PSYoungGen      total 13824K, used 13815K [0x00000000d5580000, 0x00000000d6800000, 0x0000000100000000)
  eden space 12800K, 100% used [0x00000000d5580000,0x00000000d6200000,0x00000000d6200000)
  from space 1024K, 99% used [0x00000000d6480000,0x00000000d657dc88,0x00000000d6580000)
  to   space 2560K, 0% used [0x00000000d6200000,0x00000000d6200000,0x00000000d6480000)
 ParOldGen       total 998400K, used 998119K [0x0000000080000000, 0x00000000bcf00000, 0x00000000d5580000)
  object space 998400K, 99% used [0x0000000080000000,0x00000000bceb9da8,0x00000000bcf00000)
 Metaspace       used 69348K, committed 70976K, reserved 1114112K
  class space    used 6887K, committed 7680K, reserved 1048576K
}
Event: 49.084 GC heap after
{Heap after GC invocations=1458 (full 3):
 PSYoungGen      total 14336K, used 1242K [0x00000000d5580000, 0x00000000d6500000, 0x0000000100000000)
  eden space 12800K, 0% used [0x00000000d5580000,0x00000000d5580000,0x00000000d6200000)
  from space 1536K, 80% used [0x00000000d6200000,0x00000000d6336a60,0x00000000d6380000)
  to   space 1536K, 0% used [0x00000000d6380000,0x00000000d6380000,0x00000000d6500000)
 ParOldGen       total 999424K, used 999069K [0x0000000080000000, 0x00000000bd000000, 0x00000000d5580000)
  object space 999424K, 99% used [0x0000000080000000,0x00000000bcfa75b0,0x00000000bd000000)
 Metaspace       used 69348K, committed 70976K, reserved 1114112K
  class space    used 6887K, committed 7680K, reserved 1048576K
}
Event: 49.118 GC heap before
{Heap before GC invocations=1459 (full 3):
 PSYoungGen      total 14336K, used 14042K [0x00000000d5580000, 0x00000000d6500000, 0x0000000100000000)
  eden space 12800K, 100% used [0x00000000d5580000,0x00000000d6200000,0x00000000d6200000)
  from space 1536K, 80% used [0x00000000d6200000,0x00000000d6336a60,0x00000000d6380000)
  to   space 1536K, 0% used [0x00000000d6380000,0x00000000d6380000,0x00000000d6500000)
 ParOldGen       total 999424K, used 999069K [0x0000000080000000, 0x00000000bd000000, 0x00000000d5580000)
  object space 999424K, 99% used [0x0000000080000000,0x00000000bcfa75b0,0x00000000bd000000)
 Metaspace       used 69348K, committed 70976K, reserved 1114112K
  class space    used 6887K, committed 7680K, reserved 1048576K
}
Event: 49.122 GC heap after
{Heap after GC invocations=1459 (full 3):
 PSYoungGen      total 13824K, used 1526K [0x00000000d5580000, 0x00000000d6600000, 0x0000000100000000)
  eden space 12288K, 0% used [0x00000000d5580000,0x00000000d5580000,0x00000000d6180000)
  from space 1536K, 99% used [0x00000000d6380000,0x00000000d64fd808,0x00000000d6500000)
  to   space 2048K, 0% used [0x00000000d6180000,0x00000000d6180000,0x00000000d6380000)
 ParOldGen       total 1000448K, used 1000143K [0x0000000080000000, 0x00000000bd100000, 0x00000000d5580000)
  object space 1000448K, 99% used [0x0000000080000000,0x00000000bd0b3ff0,0x00000000bd100000)
 Metaspace       used 69348K, committed 70976K, reserved 1114112K
  class space    used 6887K, committed 7680K, reserved 1048576K
}
Event: 49.161 GC heap before
{Heap before GC invocations=1460 (full 3):
 PSYoungGen      total 13824K, used 13814K [0x00000000d5580000, 0x00000000d6600000, 0x0000000100000000)
  eden space 12288K, 100% used [0x00000000d5580000,0x00000000d6180000,0x00000000d6180000)
  from space 1536K, 99% used [0x00000000d6380000,0x00000000d64fd808,0x00000000d6500000)
  to   space 2048K, 0% used [0x00000000d6180000,0x00000000d6180000,0x00000000d6380000)
 ParOldGen       total 1000448K, used 1000143K [0x0000000080000000, 0x00000000bd100000, 0x00000000d5580000)
  object space 1000448K, 99% used [0x0000000080000000,0x00000000bd0b3ff0,0x00000000bd100000)
 Metaspace       used 69349K, committed 70976K, reserved 1114112K
  class space    used 6887K, committed 7680K, reserved 1048576K
}
Event: 49.165 GC heap after
{Heap after GC invocations=1460 (full 3):
 PSYoungGen      total 13824K, used 1516K [0x00000000d5580000, 0x00000000d6480000, 0x0000000100000000)
  eden space 12288K, 0% used [0x00000000d5580000,0x00000000d5580000,0x00000000d6180000)
  from space 1536K, 98% used [0x00000000d6180000,0x00000000d62fb008,0x00000000d6300000)
  to   space 1536K, 0% used [0x00000000d6300000,0x00000000d6300000,0x00000000d6480000)
 ParOldGen       total 1001472K, used 1001415K [0x0000000080000000, 0x00000000bd200000, 0x00000000d5580000)
  object space 1001472K, 99% used [0x0000000080000000,0x00000000bd1f1ff0,0x00000000bd200000)
 Metaspace       used 69349K, committed 70976K, reserved 1114112K
  class space    used 6887K, committed 7680K, reserved 1048576K
}
Event: 49.206 GC heap before
{Heap before GC invocations=1461 (full 3):
 PSYoungGen      total 13824K, used 13804K [0x00000000d5580000, 0x00000000d6480000, 0x0000000100000000)
  eden space 12288K, 100% used [0x00000000d5580000,0x00000000d6180000,0x00000000d6180000)
  from space 1536K, 98% used [0x00000000d6180000,0x00000000d62fb008,0x00000000d6300000)
  to   space 1536K, 0% used [0x00000000d6300000,0x00000000d6300000,0x00000000d6480000)
 ParOldGen       total 1001472K, used 1001415K [0x0000000080000000, 0x00000000bd200000, 0x00000000d5580000)
  object space 1001472K, 99% used [0x0000000080000000,0x00000000bd1f1ff0,0x00000000bd200000)
 Metaspace       used 69355K, committed 70976K, reserved 1114112K
  class space    used 6887K, committed 7680K, reserved 1048576K
}
Event: 49.211 GC heap after
{Heap after GC invocations=1461 (full 3):
 PSYoungGen      total 13824K, used 1280K [0x00000000d5580000, 0x00000000d6480000, 0x0000000100000000)
  eden space 12288K, 0% used [0x00000000d5580000,0x00000000d5580000,0x00000000d6180000)
  from space 1536K, 83% used [0x00000000d6300000,0x00000000d6440000,0x00000000d6480000)
  to   space 1536K, 0% used [0x00000000d6180000,0x00000000d6180000,0x00000000d6300000)
 ParOldGen       total 1003008K, used 1002753K [0x0000000080000000, 0x00000000bd380000, 0x00000000d5580000)
  object space 1003008K, 99% used [0x0000000080000000,0x00000000bd340608,0x00000000bd380000)
 Metaspace       used 69355K, committed 70976K, reserved 1114112K
  class space    used 6887K, committed 7680K, reserved 1048576K
}
Event: 49.251 GC heap before
{Heap before GC invocations=1462 (full 3):
 PSYoungGen      total 13824K, used 13568K [0x00000000d5580000, 0x00000000d6480000, 0x0000000100000000)
  eden space 12288K, 100% used [0x00000000d5580000,0x00000000d6180000,0x00000000d6180000)
  from space 1536K, 83% used [0x00000000d6300000,0x00000000d6440000,0x00000000d6480000)
  to   space 1536K, 0% used [0x00000000d6180000,0x00000000d6180000,0x00000000d6300000)
 ParOldGen       total 1003008K, used 1002753K [0x0000000080000000, 0x00000000bd380000, 0x00000000d5580000)
  object space 1003008K, 99% used [0x0000000080000000,0x00000000bd340608,0x00000000bd380000)
 Metaspace       used 69355K, committed 70976K, reserved 1114112K
  class space    used 6887K, committed 7680K, reserved 1048576K
}
Event: 52.285 GC heap after
{Heap after GC invocations=1462 (full 3):
 PSYoungGen      total 13824K, used 1312K [0x00000000d5580000, 0x00000000d6480000, 0x0000000100000000)
  eden space 12288K, 0% used [0x00000000d5580000,0x00000000d5580000,0x00000000d6180000)
  from space 1536K, 85% used [0x00000000d6180000,0x00000000d62c8000,0x00000000d6300000)
  to   space 1536K, 0% used [0x00000000d6300000,0x00000000d6300000,0x00000000d6480000)
 ParOldGen       total 1004032K, used 1003921K [0x0000000080000000, 0x00000000bd480000, 0x00000000d5580000)
  object space 1004032K, 99% used [0x0000000080000000,0x00000000bd464608,0x00000000bd480000)
 Metaspace       used 69355K, committed 70976K, reserved 1114112K
  class space    used 6887K, committed 7680K, reserved 1048576K
}
Event: 52.316 GC heap before
{Heap before GC invocations=1463 (full 3):
 PSYoungGen      total 13824K, used 13600K [0x00000000d5580000, 0x00000000d6480000, 0x0000000100000000)
  eden space 12288K, 100% used [0x00000000d5580000,0x00000000d6180000,0x00000000d6180000)
  from space 1536K, 85% used [0x00000000d6180000,0x00000000d62c8000,0x00000000d6300000)
  to   space 1536K, 0% used [0x00000000d6300000,0x00000000d6300000,0x00000000d6480000)
 ParOldGen       total 1004032K, used 1003921K [0x0000000080000000, 0x00000000bd480000, 0x00000000d5580000)
  object space 1004032K, 99% used [0x0000000080000000,0x00000000bd464608,0x00000000bd480000)
 Metaspace       used 69355K, committed 70976K, reserved 1114112K
  class space    used 6887K, committed 7680K, reserved 1048576K
}
Event: 52.319 GC heap after
{Heap after GC invocations=1463 (full 3):
 PSYoungGen      total 12288K, used 1528K [0x00000000d5580000, 0x00000000d6a00000, 0x0000000100000000)
  eden space 10752K, 0% used [0x00000000d5580000,0x00000000d5580000,0x00000000d6000000)
  from space 1536K, 99% used [0x00000000d6300000,0x00000000d647e008,0x00000000d6480000)
  to   space 3072K, 0% used [0x00000000d6000000,0x00000000d6000000,0x00000000d6300000)
 ParOldGen       total 1005568K, used 1005057K [0x0000000080000000, 0x00000000bd600000, 0x00000000d5580000)
  object space 1005568K, 99% used [0x0000000080000000,0x00000000bd580608,0x00000000bd600000)
 Metaspace       used 69355K, committed 70976K, reserved 1114112K
  class space    used 6887K, committed 7680K, reserved 1048576K
}
Event: 52.362 GC heap before
{Heap before GC invocations=1464 (full 3):
 PSYoungGen      total 12288K, used 12280K [0x00000000d5580000, 0x00000000d6a00000, 0x0000000100000000)
  eden space 10752K, 100% used [0x00000000d5580000,0x00000000d6000000,0x00000000d6000000)
  from space 1536K, 99% used [0x00000000d6300000,0x00000000d647e008,0x00000000d6480000)
  to   space 3072K, 0% used [0x00000000d6000000,0x00000000d6000000,0x00000000d6300000)
 ParOldGen       total 1005568K, used 1005057K [0x0000000080000000, 0x00000000bd600000, 0x00000000d5580000)
  object space 1005568K, 99% used [0x0000000080000000,0x00000000bd580608,0x00000000bd600000)
 Metaspace       used 69357K, committed 70976K, reserved 1114112K
  class space    used 6887K, committed 7680K, reserved 1048576K
}
Event: 52.366 GC heap after
{Heap after GC invocations=1464 (full 3):
 PSYoungGen      total 13824K, used 2454K [0x00000000d5580000, 0x00000000d6780000, 0x0000000100000000)
  eden space 10752K, 0% used [0x00000000d5580000,0x00000000d5580000,0x00000000d6000000)
  from space 3072K, 79% used [0x00000000d6000000,0x00000000d6265800,0x00000000d6300000)
  to   space 2560K, 0% used [0x00000000d6500000,0x00000000d6500000,0x00000000d6780000)
 ParOldGen       total 1006592K, used 1006460K [0x0000000080000000, 0x00000000bd700000, 0x00000000d5580000)
  object space 1006592K, 99% used [0x0000000080000000,0x00000000bd6df220,0x00000000bd700000)
 Metaspace       used 69357K, committed 70976K, reserved 1114112K
  class space    used 6887K, committed 7680K, reserved 1048576K
}
Event: 52.432 GC heap before
{Heap before GC invocations=1465 (full 3):
 PSYoungGen      total 13824K, used 13206K [0x00000000d5580000, 0x00000000d6780000, 0x0000000100000000)
  eden space 10752K, 100% used [0x00000000d5580000,0x00000000d6000000,0x00000000d6000000)
  from space 3072K, 79% used [0x00000000d6000000,0x00000000d6265800,0x00000000d6300000)
  to   space 2560K, 0% used [0x00000000d6500000,0x00000000d6500000,0x00000000d6780000)
 ParOldGen       total 1006592K, used 1006460K [0x0000000080000000, 0x00000000bd700000, 0x00000000d5580000)
  object space 1006592K, 99% used [0x0000000080000000,0x00000000bd6df220,0x00000000bd700000)
 Metaspace       used 69357K, committed 70976K, reserved 1114112K
  class space    used 6887K, committed 7680K, reserved 1048576K
}
Event: 52.435 GC heap after
{Heap after GC invocations=1465 (full 3):
 PSYoungGen      total 11776K, used 992K [0x00000000d5580000, 0x00000000d6600000, 0x0000000100000000)
  eden space 10752K, 0% used [0x00000000d5580000,0x00000000d5580000,0x00000000d6000000)
  from space 1024K, 96% used [0x00000000d6500000,0x00000000d65f8000,0x00000000d6600000)
  to   space 2048K, 0% used [0x00000000d6200000,0x00000000d6200000,0x00000000d6400000)
 ParOldGen       total 1007616K, used 1007276K [0x0000000080000000, 0x00000000bd800000, 0x00000000d5580000)
  object space 1007616K, 99% used [0x0000000080000000,0x00000000bd7ab220,0x00000000bd800000)
 Metaspace       used 69357K, committed 70976K, reserved 1114112K
  class space    used 6887K, committed 7680K, reserved 1048576K
}

